ARM GAS  C:\Users\Dmitriy\AppData\Local\Temp\ccdFbHJG.s 			page 1


   1              		.cpu cortex-m3
   2              		.arch armv7-m
   3              		.fpu softvfp
   4              		.eabi_attribute 20, 1
   5              		.eabi_attribute 21, 1
   6              		.eabi_attribute 23, 3
   7              		.eabi_attribute 24, 1
   8              		.eabi_attribute 25, 1
   9              		.eabi_attribute 26, 1
  10              		.eabi_attribute 30, 1
  11              		.eabi_attribute 34, 1
  12              		.eabi_attribute 18, 4
  13              		.file	"stm32f1xx_it.c"
  14              		.text
  15              	.Ltext0:
  16              		.cfi_sections	.debug_frame
  17              		.file 1 "Core/Src/stm32f1xx_it.c"
  18              		.section	.text.TIM2_IRQHandler,"ax",%progbits
  19              		.align	1
  20              		.global	TIM2_IRQHandler
  21              		.syntax unified
  22              		.thumb
  23              		.thumb_func
  25              	TIM2_IRQHandler:
  26              	.LFB65:
   1:Core/Src/stm32f1xx_it.c **** #include "stm32f1xx.h"
   2:Core/Src/stm32f1xx_it.c **** #include "timer_manager.h"
   3:Core/Src/stm32f1xx_it.c **** 
   4:Core/Src/stm32f1xx_it.c **** // Обработчик прерывания TIM2 (контроллер, 20 кГц)
   5:Core/Src/stm32f1xx_it.c **** void TIM2_IRQHandler(void) __attribute__((interrupt));
   6:Core/Src/stm32f1xx_it.c **** void TIM2_IRQHandler(void)
   7:Core/Src/stm32f1xx_it.c **** {
  27              		.loc 1 7 1 view -0
  28              		.cfi_startproc
  29              		@ Stack Align: May be called with mis-aligned SP.
  30              		@ args = 0, pretend = 0, frame = 0
  31              		@ frame_needed = 0, uses_anonymous_args = 0
  32 0000 6846     		mov	r0, sp
  33              		.cfi_register 13, 0
  34 0002 20F00701 		bic	r1, r0, #7
  35 0006 8D46     		mov	sp, r1
  36 0008 01B5     		push	{r0, lr}
  37              	.LCFI0:
  38              		.cfi_def_cfa_offset 8
  39              		.cfi_offset 13, -8
  40              		.cfi_offset 14, -4
   8:Core/Src/stm32f1xx_it.c ****     TimerManager_ControllerIRQHandler();
  41              		.loc 1 8 5 view .LVU1
  42 000a FFF7FEFF 		bl	TimerManager_ControllerIRQHandler
  43              	.LVL0:
   9:Core/Src/stm32f1xx_it.c **** }
  44              		.loc 1 9 1 is_stmt 0 view .LVU2
  45 000e BDE80140 		pop	{r0, lr}
  46              	.LCFI1:
  47              		.cfi_restore 14
  48              		.cfi_restore 0
  49              		.cfi_def_cfa_offset 0
ARM GAS  C:\Users\Dmitriy\AppData\Local\Temp\ccdFbHJG.s 			page 2


  50 0012 8546     		mov	sp, r0
  51 0014 7047     		bx	lr
  52              		.cfi_endproc
  53              	.LFE65:
  55              		.section	.text.TIM3_IRQHandler,"ax",%progbits
  56              		.align	1
  57              		.global	TIM3_IRQHandler
  58              		.syntax unified
  59              		.thumb
  60              		.thumb_func
  62              	TIM3_IRQHandler:
  63              	.LFB66:
  10:Core/Src/stm32f1xx_it.c **** 
  11:Core/Src/stm32f1xx_it.c **** // Обработчик прерывания TIM3 (фильтр, 10 кГц)
  12:Core/Src/stm32f1xx_it.c **** void TIM3_IRQHandler(void) __attribute__((interrupt));
  13:Core/Src/stm32f1xx_it.c **** void TIM3_IRQHandler(void)
  14:Core/Src/stm32f1xx_it.c **** {
  64              		.loc 1 14 1 is_stmt 1 view -0
  65              		.cfi_startproc
  66              		@ Stack Align: May be called with mis-aligned SP.
  67              		@ args = 0, pretend = 0, frame = 0
  68              		@ frame_needed = 0, uses_anonymous_args = 0
  69 0000 6846     		mov	r0, sp
  70              		.cfi_register 13, 0
  71 0002 20F00701 		bic	r1, r0, #7
  72 0006 8D46     		mov	sp, r1
  73 0008 01B5     		push	{r0, lr}
  74              	.LCFI2:
  75              		.cfi_def_cfa_offset 8
  76              		.cfi_offset 13, -8
  77              		.cfi_offset 14, -4
  15:Core/Src/stm32f1xx_it.c ****     TimerManager_FilterIRQHandler();
  78              		.loc 1 15 5 view .LVU4
  79 000a FFF7FEFF 		bl	TimerManager_FilterIRQHandler
  80              	.LVL1:
  16:Core/Src/stm32f1xx_it.c **** }
  81              		.loc 1 16 1 is_stmt 0 view .LVU5
  82 000e BDE80140 		pop	{r0, lr}
  83              	.LCFI3:
  84              		.cfi_restore 14
  85              		.cfi_restore 0
  86              		.cfi_def_cfa_offset 0
  87 0012 8546     		mov	sp, r0
  88 0014 7047     		bx	lr
  89              		.cfi_endproc
  90              	.LFE66:
  92              		.section	.text.TIM4_IRQHandler,"ax",%progbits
  93              		.align	1
  94              		.global	TIM4_IRQHandler
  95              		.syntax unified
  96              		.thumb
  97              		.thumb_func
  99              	TIM4_IRQHandler:
 100              	.LFB67:
  17:Core/Src/stm32f1xx_it.c **** 
  18:Core/Src/stm32f1xx_it.c **** // Обработчик прерывания TIM4 (двигатель, 5 кГц)
  19:Core/Src/stm32f1xx_it.c **** void TIM4_IRQHandler(void) __attribute__((interrupt));
ARM GAS  C:\Users\Dmitriy\AppData\Local\Temp\ccdFbHJG.s 			page 3


  20:Core/Src/stm32f1xx_it.c **** void TIM4_IRQHandler(void)
  21:Core/Src/stm32f1xx_it.c **** {
 101              		.loc 1 21 1 is_stmt 1 view -0
 102              		.cfi_startproc
 103              		@ Stack Align: May be called with mis-aligned SP.
 104              		@ args = 0, pretend = 0, frame = 0
 105              		@ frame_needed = 0, uses_anonymous_args = 0
 106 0000 6846     		mov	r0, sp
 107              		.cfi_register 13, 0
 108 0002 20F00701 		bic	r1, r0, #7
 109 0006 8D46     		mov	sp, r1
 110 0008 01B5     		push	{r0, lr}
 111              	.LCFI4:
 112              		.cfi_def_cfa_offset 8
 113              		.cfi_offset 13, -8
 114              		.cfi_offset 14, -4
  22:Core/Src/stm32f1xx_it.c ****     TimerManager_MotorIRQHandler();
 115              		.loc 1 22 5 view .LVU7
 116 000a FFF7FEFF 		bl	TimerManager_MotorIRQHandler
 117              	.LVL2:
  23:Core/Src/stm32f1xx_it.c **** }
 118              		.loc 1 23 1 is_stmt 0 view .LVU8
 119 000e BDE80140 		pop	{r0, lr}
 120              	.LCFI5:
 121              		.cfi_restore 14
 122              		.cfi_restore 0
 123              		.cfi_def_cfa_offset 0
 124 0012 8546     		mov	sp, r0
 125 0014 7047     		bx	lr
 126              		.cfi_endproc
 127              	.LFE67:
 129              		.section	.text.SysTick_Handler,"ax",%progbits
 130              		.align	1
 131              		.global	SysTick_Handler
 132              		.syntax unified
 133              		.thumb
 134              		.thumb_func
 136              	SysTick_Handler:
 137              	.LFB68:
  24:Core/Src/stm32f1xx_it.c **** 
  25:Core/Src/stm32f1xx_it.c **** // Обработчик SysTick (для общего времени) (в итоге не испол
  26:Core/Src/stm32f1xx_it.c **** void SysTick_Handler(void) __attribute__((interrupt));
  27:Core/Src/stm32f1xx_it.c **** void SysTick_Handler(void)
  28:Core/Src/stm32f1xx_it.c **** {
 138              		.loc 1 28 1 is_stmt 1 view -0
 139              		.cfi_startproc
 140              		@ Stack Align: May be called with mis-aligned SP.
 141              		@ args = 0, pretend = 0, frame = 0
 142              		@ frame_needed = 0, uses_anonymous_args = 0
 143              		@ link register save eliminated.
 144 0000 6846     		mov	r0, sp
 145              		.cfi_register 13, 0
 146 0002 20F00701 		bic	r1, r0, #7
 147 0006 8D46     		mov	sp, r1
 148 0008 01B4     		push	{r0}
 149              	.LCFI6:
 150              		.cfi_def_cfa_offset 4
ARM GAS  C:\Users\Dmitriy\AppData\Local\Temp\ccdFbHJG.s 			page 4


 151              		.cfi_offset 13, -4
  29:Core/Src/stm32f1xx_it.c **** 
  30:Core/Src/stm32f1xx_it.c **** }...
 152              		.loc 1 30 1 view .LVU10
 153 000a 01BC     		pop	{r0}
 154              	.LCFI7:
 155              		.cfi_restore 0
 156              		.cfi_def_cfa_offset 0
 157 000c 8546     		mov	sp, r0
 158 000e 7047     		bx	lr
 159              		.cfi_endproc
 160              	.LFE68:
 162              		.text
 163              	.Letext0:
 164              		.file 2 "Core/Inc/timer_manager.h"
ARM GAS  C:\Users\Dmitriy\AppData\Local\Temp\ccdFbHJG.s 			page 5


DEFINED SYMBOLS
                            *ABS*:00000000 stm32f1xx_it.c
C:\Users\Dmitriy\AppData\Local\Temp\ccdFbHJG.s:19     .text.TIM2_IRQHandler:00000000 $t
C:\Users\Dmitriy\AppData\Local\Temp\ccdFbHJG.s:25     .text.TIM2_IRQHandler:00000000 TIM2_IRQHandler
C:\Users\Dmitriy\AppData\Local\Temp\ccdFbHJG.s:56     .text.TIM3_IRQHandler:00000000 $t
C:\Users\Dmitriy\AppData\Local\Temp\ccdFbHJG.s:62     .text.TIM3_IRQHandler:00000000 TIM3_IRQHandler
C:\Users\Dmitriy\AppData\Local\Temp\ccdFbHJG.s:93     .text.TIM4_IRQHandler:00000000 $t
C:\Users\Dmitriy\AppData\Local\Temp\ccdFbHJG.s:99     .text.TIM4_IRQHandler:00000000 TIM4_IRQHandler
C:\Users\Dmitriy\AppData\Local\Temp\ccdFbHJG.s:130    .text.SysTick_Handler:00000000 $t
C:\Users\Dmitriy\AppData\Local\Temp\ccdFbHJG.s:136    .text.SysTick_Handler:00000000 SysTick_Handler

UNDEFINED SYMBOLS
TimerManager_ControllerIRQHandler
TimerManager_FilterIRQHandler
TimerManager_MotorIRQHandler
